Arguments: 
  /usr/bin/node /usr/bin/yarn install

PATH: 
  /home/vagrant/.vscode-server/bin/abd2f3db4bdb28f9e95536dfa84d8479f1eb312d/bin/remote-cli:/home/vagrant/.local/bin:/usr/local/sbin:/usr/local/bin:/usr/sbin:/usr/bin:/sbin:/bin:/usr/games:/usr/local/games:/snap/bin

Yarn version: 
  1.22.19

Node version: 
  20.7.0

Platform: 
  linux x64

Trace: 
  Error: EACCES: permission denied, mkdir '/home/vagrant/alx/alx-backend/0x03-queuing_system_in_js/node_modules/@babel/node/node_modules'

npm manifest: 
  {
      "name": "queuing_system_in_js",
      "version": "1.0.0",
      "description": "",
      "main": "index.js",
      "scripts": {
        "lint": "./node_modules/.bin/eslint",
        "check-lint": "lint [0-9]*.js",
        "test": "./node_modules/.bin/mocha --require @babel/register --exit",
        "dev": "nodemon --exec babel-node --presets @babel/preset-env"
      },
      "author": "",
      "license": "ISC",
      "dependencies": {
        "chai-http": "^4.3.0",
        "express": "^4.17.1",
        "kue": "^0.11.6",
        "redis": "^2.8.0"
      },
      "devDependencies": {
        "@babel/cli": "^7.8.0",
        "@babel/core": "^7.8.0",
        "@babel/node": "^7.8.0",
        "@babel/preset-env": "^7.8.2",
        "@babel/register": "^7.8.0",
        "eslint": "^6.4.0",
        "eslint-config-airbnb-base": "^14.0.0",
        "eslint-plugin-import": "^2.18.2",
        "eslint-plugin-jest": "^22.17.0",
        "nodemon": "^2.0.2",
        "chai": "^4.2.0",
        "mocha": "^6.2.2",
        "request": "^2.88.0",
        "sinon": "^7.5.0"
      }
    }

yarn manifest: 
  No manifest

Lockfile: 
  No lockfile
